2026-04-07 01:40:45,472 [WARNING] TensorFlow GPU support is not available on native Windows for TensorFlow >= 2.11. Even if CUDA/cuDNN are installed, GPU will not be used. Please use WSL2 or the TensorFlow-DirectML plugin.
2026-04-07 01:40:45,472 [WARNING] No GPU found. Training will bottleneck on CPU.
2026-04-07 01:40:45,752 [INFO] Starting Trial 0 with params: lookback=29, filters=123, lstm=166
2026-04-07 01:42:52,877 [WARNING] TensorFlow GPU support is not available on native Windows for TensorFlow >= 2.11. Even if CUDA/cuDNN are installed, GPU will not be used. Please use WSL2 or the TensorFlow-DirectML plugin.
2026-04-07 01:42:52,878 [WARNING] No GPU found. Training will bottleneck on CPU.
2026-04-07 01:42:53,086 [INFO] Starting Trial 0 with params: lookback=29, filters=123, lstm=166
2026-04-07 01:55:21,421 [WARNING] No GPU found. Training will bottleneck on CPU.
2026-04-07 01:55:21,573 [INFO] Starting Trial 0 with params: lookback=29, filters=123, lstm=166
2026-04-07 02:06:19,016 [INFO] GPU(s) found and memory growth enabled: 1
2026-04-07 02:06:19,017 [WARNING] Mixed precision compatibility check (mixed_float16): WARNING
Your GPU may run slowly with dtype policy mixed_float16 because it does not have compute capability of at least 7.0. Your GPU:
  DML, no compute capability (probably not an Nvidia GPU)
See https://developer.nvidia.com/cuda-gpus for a list of GPUs and their compute capabilities.
If you will use compatible GPU(s) not attached to this host, e.g. by running a multi-worker model, you can ignore this warning. This message will only be logged once
2026-04-07 02:06:19,017 [INFO] GPU optimization: Mixed precision globally set to 'mixed_float16'.
2026-04-07 02:06:19,128 [INFO] Starting Trial 0 with params: lookback=29, filters=123, lstm=166
2026-04-07 02:06:19,319 [WARNING] Layer lstm will not use cuDNN kernels since it doesn't meet the criteria. It will use a generic GPU kernel as fallback when running on GPU.
2026-04-07 02:06:19,321 [WARNING] Layer lstm will not use cuDNN kernels since it doesn't meet the criteria. It will use a generic GPU kernel as fallback when running on GPU.
2026-04-07 02:06:19,323 [WARNING] Layer lstm will not use cuDNN kernels since it doesn't meet the criteria. It will use a generic GPU kernel as fallback when running on GPU.
2026-04-07 02:06:19,326 [WARNING] Layer lstm_1 will not use cuDNN kernels since it doesn't meet the criteria. It will use a generic GPU kernel as fallback when running on GPU.
2026-04-07 02:06:19,328 [WARNING] Layer lstm_1 will not use cuDNN kernels since it doesn't meet the criteria. It will use a generic GPU kernel as fallback when running on GPU.
2026-04-07 02:06:19,330 [WARNING] Layer lstm_1 will not use cuDNN kernels since it doesn't meet the criteria. It will use a generic GPU kernel as fallback when running on GPU.
2026-04-07 02:09:01,831 [WARNING] Layer lstm_2 will not use cuDNN kernels since it doesn't meet the criteria. It will use a generic GPU kernel as fallback when running on GPU.
2026-04-07 02:09:01,833 [WARNING] Layer lstm_2 will not use cuDNN kernels since it doesn't meet the criteria. It will use a generic GPU kernel as fallback when running on GPU.
2026-04-07 02:09:01,835 [WARNING] Layer lstm_2 will not use cuDNN kernels since it doesn't meet the criteria. It will use a generic GPU kernel as fallback when running on GPU.
2026-04-07 02:09:01,837 [WARNING] Layer lstm_3 will not use cuDNN kernels since it doesn't meet the criteria. It will use a generic GPU kernel as fallback when running on GPU.
2026-04-07 02:09:01,840 [WARNING] Layer lstm_3 will not use cuDNN kernels since it doesn't meet the criteria. It will use a generic GPU kernel as fallback when running on GPU.
2026-04-07 02:09:01,841 [WARNING] Layer lstm_3 will not use cuDNN kernels since it doesn't meet the criteria. It will use a generic GPU kernel as fallback when running on GPU.
2026-04-07 02:10:20,777 [INFO] GPU(s) found and memory growth enabled: 1
2026-04-07 02:10:20,777 [WARNING] Mixed precision compatibility check (mixed_float16): WARNING
Your GPU may run slowly with dtype policy mixed_float16 because it does not have compute capability of at least 7.0. Your GPU:
  DML, no compute capability (probably not an Nvidia GPU)
See https://developer.nvidia.com/cuda-gpus for a list of GPUs and their compute capabilities.
If you will use compatible GPU(s) not attached to this host, e.g. by running a multi-worker model, you can ignore this warning. This message will only be logged once
2026-04-07 02:10:20,777 [INFO] GPU optimization: Mixed precision globally set to 'mixed_float16'.
2026-04-07 02:10:20,885 [INFO] Starting Trial 0 with params: lookback=29, filters=123, lstm=166
2026-04-07 02:10:21,061 [WARNING] Layer lstm will not use cuDNN kernels since it doesn't meet the criteria. It will use a generic GPU kernel as fallback when running on GPU.
2026-04-07 02:10:21,062 [WARNING] Layer lstm will not use cuDNN kernels since it doesn't meet the criteria. It will use a generic GPU kernel as fallback when running on GPU.
2026-04-07 02:10:21,065 [WARNING] Layer lstm will not use cuDNN kernels since it doesn't meet the criteria. It will use a generic GPU kernel as fallback when running on GPU.
2026-04-07 02:10:21,067 [WARNING] Layer lstm_1 will not use cuDNN kernels since it doesn't meet the criteria. It will use a generic GPU kernel as fallback when running on GPU.
2026-04-07 02:10:21,069 [WARNING] Layer lstm_1 will not use cuDNN kernels since it doesn't meet the criteria. It will use a generic GPU kernel as fallback when running on GPU.
2026-04-07 02:10:21,071 [WARNING] Layer lstm_1 will not use cuDNN kernels since it doesn't meet the criteria. It will use a generic GPU kernel as fallback when running on GPU.
2026-04-07 02:12:50,529 [WARNING] Layer lstm_2 will not use cuDNN kernels since it doesn't meet the criteria. It will use a generic GPU kernel as fallback when running on GPU.
2026-04-07 02:12:50,531 [WARNING] Layer lstm_2 will not use cuDNN kernels since it doesn't meet the criteria. It will use a generic GPU kernel as fallback when running on GPU.
2026-04-07 02:12:50,533 [WARNING] Layer lstm_2 will not use cuDNN kernels since it doesn't meet the criteria. It will use a generic GPU kernel as fallback when running on GPU.
2026-04-07 02:12:50,535 [WARNING] Layer lstm_3 will not use cuDNN kernels since it doesn't meet the criteria. It will use a generic GPU kernel as fallback when running on GPU.
2026-04-07 02:12:50,537 [WARNING] Layer lstm_3 will not use cuDNN kernels since it doesn't meet the criteria. It will use a generic GPU kernel as fallback when running on GPU.
2026-04-07 02:12:50,538 [WARNING] Layer lstm_3 will not use cuDNN kernels since it doesn't meet the criteria. It will use a generic GPU kernel as fallback when running on GPU.
2026-04-07 02:13:07,139 [INFO] GPU(s) found and memory growth enabled: 1
2026-04-07 02:13:07,139 [WARNING] Mixed precision compatibility check (mixed_float16): WARNING
Your GPU may run slowly with dtype policy mixed_float16 because it does not have compute capability of at least 7.0. Your GPU:
  DML, no compute capability (probably not an Nvidia GPU)
See https://developer.nvidia.com/cuda-gpus for a list of GPUs and their compute capabilities.
If you will use compatible GPU(s) not attached to this host, e.g. by running a multi-worker model, you can ignore this warning. This message will only be logged once
2026-04-07 02:13:07,139 [INFO] GPU optimization: Mixed precision globally set to 'mixed_float16'.
2026-04-07 02:13:07,247 [INFO] Starting Trial 0 with params: lookback=29, filters=123, lstm=166
2026-04-07 02:13:07,452 [WARNING] Layer lstm will not use cuDNN kernels since it doesn't meet the criteria. It will use a generic GPU kernel as fallback when running on GPU.
2026-04-07 02:13:07,455 [WARNING] Layer lstm will not use cuDNN kernels since it doesn't meet the criteria. It will use a generic GPU kernel as fallback when running on GPU.
2026-04-07 02:13:07,457 [WARNING] Layer lstm will not use cuDNN kernels since it doesn't meet the criteria. It will use a generic GPU kernel as fallback when running on GPU.
2026-04-07 02:13:07,459 [WARNING] Layer lstm_1 will not use cuDNN kernels since it doesn't meet the criteria. It will use a generic GPU kernel as fallback when running on GPU.
2026-04-07 02:13:07,463 [WARNING] Layer lstm_1 will not use cuDNN kernels since it doesn't meet the criteria. It will use a generic GPU kernel as fallback when running on GPU.
2026-04-07 02:13:07,465 [WARNING] Layer lstm_1 will not use cuDNN kernels since it doesn't meet the criteria. It will use a generic GPU kernel as fallback when running on GPU.
2026-04-07 02:14:25,621 [INFO] GPU(s) found and memory growth enabled: 1
2026-04-07 02:14:25,622 [WARNING] Mixed precision compatibility check (mixed_float16): WARNING
Your GPU may run slowly with dtype policy mixed_float16 because it does not have compute capability of at least 7.0. Your GPU:
  DML, no compute capability (probably not an Nvidia GPU)
See https://developer.nvidia.com/cuda-gpus for a list of GPUs and their compute capabilities.
If you will use compatible GPU(s) not attached to this host, e.g. by running a multi-worker model, you can ignore this warning. This message will only be logged once
2026-04-07 02:14:25,622 [INFO] GPU optimization: Mixed precision globally set to 'mixed_float16'.
2026-04-07 02:16:08,413 [INFO] GPU(s) found and memory growth enabled: 1
2026-04-07 02:16:08,413 [WARNING] Mixed precision compatibility check (mixed_float16): WARNING
Your GPU may run slowly with dtype policy mixed_float16 because it does not have compute capability of at least 7.0. Your GPU:
  DML, no compute capability (probably not an Nvidia GPU)
See https://developer.nvidia.com/cuda-gpus for a list of GPUs and their compute capabilities.
If you will use compatible GPU(s) not attached to this host, e.g. by running a multi-worker model, you can ignore this warning. This message will only be logged once
2026-04-07 02:16:08,413 [INFO] GPU optimization: Mixed precision globally set to 'mixed_float16'.
2026-04-07 02:16:08,691 [WARNING] Layer lstm will not use cuDNN kernels since it doesn't meet the criteria. It will use a generic GPU kernel as fallback when running on GPU.
2026-04-07 02:16:08,693 [WARNING] Layer lstm will not use cuDNN kernels since it doesn't meet the criteria. It will use a generic GPU kernel as fallback when running on GPU.
2026-04-07 02:16:08,695 [WARNING] Layer lstm will not use cuDNN kernels since it doesn't meet the criteria. It will use a generic GPU kernel as fallback when running on GPU.
2026-04-07 02:16:08,697 [WARNING] Layer lstm_1 will not use cuDNN kernels since it doesn't meet the criteria. It will use a generic GPU kernel as fallback when running on GPU.
2026-04-07 02:16:08,699 [WARNING] Layer lstm_1 will not use cuDNN kernels since it doesn't meet the criteria. It will use a generic GPU kernel as fallback when running on GPU.
2026-04-07 02:16:08,700 [WARNING] Layer lstm_1 will not use cuDNN kernels since it doesn't meet the criteria. It will use a generic GPU kernel as fallback when running on GPU.
2026-04-07 02:17:39,613 [WARNING] Layer lstm_2 will not use cuDNN kernels since it doesn't meet the criteria. It will use a generic GPU kernel as fallback when running on GPU.
2026-04-07 02:17:39,616 [WARNING] Layer lstm_2 will not use cuDNN kernels since it doesn't meet the criteria. It will use a generic GPU kernel as fallback when running on GPU.
2026-04-07 02:17:39,618 [WARNING] Layer lstm_2 will not use cuDNN kernels since it doesn't meet the criteria. It will use a generic GPU kernel as fallback when running on GPU.
2026-04-07 02:17:39,619 [WARNING] Layer lstm_3 will not use cuDNN kernels since it doesn't meet the criteria. It will use a generic GPU kernel as fallback when running on GPU.
2026-04-07 02:17:39,621 [WARNING] Layer lstm_3 will not use cuDNN kernels since it doesn't meet the criteria. It will use a generic GPU kernel as fallback when running on GPU.
2026-04-07 02:17:39,622 [WARNING] Layer lstm_3 will not use cuDNN kernels since it doesn't meet the criteria. It will use a generic GPU kernel as fallback when running on GPU.
2026-04-07 02:26:50,942 [INFO] GPU found: NVIDIA GeForce RTX 3060
2026-04-07 02:37:22,408 [INFO] GPU found: NVIDIA GeForce RTX 3060
2026-04-07 02:48:56,491 [INFO] SEED 0 EVALUATION
2026-04-07 02:49:03,355 [INFO] SEED 1 EVALUATION
2026-04-07 02:49:10,112 [INFO] SEED 2 EVALUATION
2026-04-07 02:49:13,427 [INFO] SEED 42 EVALUATION
2026-04-07 02:49:24,811 [INFO] SEED 99 EVALUATION
2026-04-07 02:49:27,936 [INFO] SEED 123 EVALUATION
2026-04-07 02:57:40,228 [INFO] GPU found: NVIDIA GeForce RTX 3060
2026-04-07 03:05:35,314 [INFO] SEED 0 EVALUATION
2026-04-07 03:05:39,223 [INFO] SEED 1 EVALUATION
2026-04-07 03:05:45,535 [INFO] SEED 2 EVALUATION
2026-04-07 03:05:49,987 [INFO] SEED 42 EVALUATION
2026-04-07 03:05:54,412 [INFO] SEED 99 EVALUATION
2026-04-07 03:05:58,665 [INFO] SEED 123 EVALUATION
2026-04-07 03:45:12,504 [INFO] GPU found: NVIDIA GeForce RTX 3060
2026-04-07 03:57:57,525 [INFO] GPU found: NVIDIA GeForce RTX 3060
2026-04-07 04:08:41,075 [INFO] SEED 0 EVALUATION
2026-04-07 04:08:50,403 [INFO] SEED 1 EVALUATION
2026-04-07 04:08:58,569 [INFO] SEED 2 EVALUATION
2026-04-07 04:09:06,615 [INFO] SEED 42 EVALUATION
2026-04-07 04:09:11,517 [INFO] SEED 99 EVALUATION
2026-04-07 04:09:20,406 [INFO] SEED 123 EVALUATION
2026-04-08 01:27:40,667 [INFO] GPU found: NVIDIA GeForce RTX 3060
2026-04-08 01:35:26,543 [INFO] GPU found: NVIDIA GeForce RTX 3060
2026-04-08 01:45:29,123 [INFO] SEED 0 EVALUATION
2026-04-08 01:45:33,239 [INFO] SEED 1 EVALUATION
2026-04-08 01:45:36,078 [INFO] SEED 2 EVALUATION
2026-04-08 01:45:38,433 [INFO] SEED 42 EVALUATION
2026-04-08 01:45:40,348 [INFO] SEED 99 EVALUATION
2026-04-08 01:45:43,026 [INFO] SEED 123 EVALUATION
2026-04-08 10:35:40,962 [INFO] GPU found: NVIDIA GeForce RTX 3060
2026-04-08 10:42:25,798 [INFO] SEED 0 EVALUATION
2026-04-08 10:42:28,905 [INFO] SEED 1 EVALUATION
2026-04-08 10:42:31,094 [INFO] SEED 2 EVALUATION
2026-04-08 10:42:32,859 [INFO] SEED 42 EVALUATION
2026-04-08 10:42:34,325 [INFO] SEED 99 EVALUATION
2026-04-08 10:42:36,315 [INFO] SEED 123 EVALUATION
2026-04-09 20:25:06,532 [INFO] GPU found: NVIDIA GeForce RTX 3060
2026-04-09 20:25:06,583 [INFO] Exported date split files using cutoff 2026-04-09: df_gold_dataset_gepu_extended_train.csv (2878 rows), df_gold_dataset_gepu_extended_test.csv (21 rows)
2026-04-09 20:25:06,584 [INFO] Using date cutoff split at 2026-04-09: model_train_rows=2876, model_test_rows=21, train_last_input_date=2026-04-08, test_first_input_date=2026-04-09
2026-04-09 20:25:41,966 [INFO] Saved split summary to reports/df_gold_dataset_gepu_datecut_quick\data_split_summary.json
2026-04-09 20:25:41,967 [INFO] SEED 42 EVALUATION
2026-04-09 20:32:24,897 [INFO] GPU found: NVIDIA GeForce RTX 3060
2026-04-09 20:32:24,971 [INFO] Exported date split files using cutoff 2026-04-09: df_gold_dataset_gepu_extended_train.csv (2878 rows), df_gold_dataset_gepu_extended_test.csv (21 rows)
2026-04-09 20:32:24,973 [INFO] Using date cutoff split at 2026-04-09: model_train_rows=2876, model_test_rows=21, train_last_input_date=2026-04-08, test_first_input_date=2026-04-09
2026-04-09 21:04:39,262 [INFO] Saved split summary to reports/df_gold_dataset_gepu_datecut_full\data_split_summary.json
2026-04-09 21:04:39,263 [INFO] SEED 0 EVALUATION
2026-04-09 21:04:56,678 [INFO] SEED 1 EVALUATION
2026-04-09 21:05:15,825 [INFO] SEED 2 EVALUATION
2026-04-09 21:05:27,893 [INFO] SEED 42 EVALUATION
2026-04-09 21:05:42,565 [INFO] SEED 99 EVALUATION
2026-04-09 21:05:57,604 [INFO] SEED 123 EVALUATION
2026-04-11 03:12:40,981 [INFO] GPU found: NVIDIA GeForce RTX 3060
2026-04-11 03:12:41,017 [INFO] Exported date split files using cutoff 2026-04-09: df_gold_dataset_gepu_extended_train.csv (2878 rows), df_gold_dataset_gepu_extended_test.csv (190 rows)
2026-04-11 03:12:41,018 [INFO] Using date cutoff split at 2026-04-09: model_train_rows=2876, model_test_rows=190, train_last_input_date=2026-04-08, test_first_input_date=2026-04-09
2026-04-11 16:55:11,033 [INFO] GPU found: NVIDIA GeForce RTX 3060
2026-04-11 16:55:11,076 [INFO] Exported date split files using cutoff 2026-04-09: df_gold_dataset_gepu_extended_train.csv (2878 rows), df_gold_dataset_gepu_extended_test.csv (190 rows)
2026-04-11 16:55:11,078 [INFO] Using date cutoff split at 2026-04-09: model_train_rows=2876, model_test_rows=190, train_last_input_date=2026-04-08, test_first_input_date=2026-04-09
2026-04-11 22:35:04,506 [INFO] GPU found: NVIDIA GeForce RTX 3060
2026-04-11 22:36:09,921 [INFO] GPU found: NVIDIA GeForce RTX 3060
2026-04-11 22:36:09,969 [INFO] Exported date split files using cutoff 2026-04-09: df_gold_dataset_gepu_extended_train.csv (2878 rows), df_gold_dataset_gepu_extended_test.csv (190 rows)
2026-04-11 22:36:09,971 [INFO] Using date cutoff split at 2026-04-09: model_train_rows=2876, model_test_rows=190, train_last_input_date=2026-04-08, test_first_input_date=2026-04-09
2026-04-11 10:12:34,770 [INFO] GPU found: NVIDIA GeForce RTX 3060
2026-04-11 10:38:31,466 [INFO] Saved split summary to reports/gold_train_only_retrained\data_split_summary.json
2026-04-11 10:38:31,466 [INFO] SEED 0 EVALUATION
2026-04-11 10:38:42,221 [INFO] SEED 1 EVALUATION
2026-04-11 10:38:53,360 [INFO] SEED 2 EVALUATION
2026-04-11 10:38:59,158 [INFO] SEED 42 EVALUATION
2026-04-11 10:39:05,018 [INFO] SEED 99 EVALUATION
2026-04-11 10:39:13,231 [INFO] SEED 123 EVALUATION
2026-04-11 11:15:30,324 [INFO] GPU found: NVIDIA GeForce RTX 3060
2026-04-11 12:26:23,070 [INFO] Saved split summary to reports/gold_train_only_retrained_v2\data_split_summary.json
2026-04-11 12:26:23,071 [INFO] SEED 0 EVALUATION
2026-04-11 12:26:47,938 [INFO] SEED 1 EVALUATION
2026-04-11 12:27:07,509 [INFO] SEED 2 EVALUATION
2026-04-11 12:27:28,644 [INFO] SEED 7 EVALUATION
2026-04-11 12:28:05,245 [INFO] SEED 11 EVALUATION
2026-04-11 12:28:23,119 [INFO] SEED 17 EVALUATION
2026-04-11 12:28:56,096 [INFO] SEED 21 EVALUATION
2026-04-11 12:29:22,280 [INFO] SEED 42 EVALUATION
2026-04-11 12:29:44,247 [INFO] SEED 99 EVALUATION
2026-04-11 12:30:07,984 [INFO] SEED 123 EVALUATION
2026-04-12 10:07:06,797 [INFO] GPU found: NVIDIA GeForce RTX 3060
2026-04-12 10:38:37,910 [INFO] GPU found: NVIDIA GeForce RTX 3060
2026-04-12 10:54:55,148 [INFO] GPU found: NVIDIA GeForce RTX 3060
2026-04-12 12:04:36,457 [INFO] Saved split summary to reports/gold_train_only_retrained_v2\data_split_summary.json
2026-04-12 12:04:36,457 [INFO] SEED 0 EVALUATION
2026-04-12 12:04:42,694 [INFO] SEED 1 EVALUATION
2026-04-12 12:04:48,763 [INFO] SEED 2 EVALUATION
2026-04-12 12:04:54,428 [INFO] SEED 7 EVALUATION
2026-04-12 12:05:00,453 [INFO] SEED 11 EVALUATION
2026-04-12 12:05:06,512 [INFO] SEED 17 EVALUATION
2026-04-12 12:05:12,418 [INFO] SEED 21 EVALUATION
2026-04-12 12:05:18,149 [INFO] SEED 42 EVALUATION
2026-04-12 12:05:24,467 [INFO] SEED 99 EVALUATION
2026-04-12 12:05:30,465 [INFO] SEED 123 EVALUATION
2026-04-12 15:24:23,960 [INFO] GPU found: NVIDIA GeForce RTX 3060
2026-04-12 16:08:47,677 [INFO] Saved split summary to reports/gold_train_only_retrained_v2\data_split_summary.json
2026-04-12 16:08:47,677 [INFO] SEED 0 EVALUATION
2026-04-12 16:08:55,446 [INFO] SEED 1 EVALUATION
2026-04-12 16:09:29,527 [INFO] SEED 2 EVALUATION
2026-04-12 16:09:51,193 [INFO] SEED 7 EVALUATION
2026-04-12 16:10:10,127 [INFO] SEED 11 EVALUATION
2026-04-12 16:10:35,380 [INFO] SEED 17 EVALUATION
2026-04-12 16:10:53,266 [INFO] SEED 21 EVALUATION
2026-04-12 16:11:02,070 [INFO] SEED 42 EVALUATION
2026-04-12 16:11:42,890 [INFO] SEED 99 EVALUATION
2026-04-12 16:11:50,498 [INFO] SEED 123 EVALUATION
2026-04-12 16:53:41,113 [INFO] GPU found: NVIDIA GeForce RTX 3060
2026-04-12 18:18:37,189 [INFO] GPU found: NVIDIA GeForce RTX 3060
2026-04-12 18:19:29,030 [INFO] GPU found: NVIDIA GeForce RTX 3060
2026-04-12 18:21:15,615 [INFO] GPU found: NVIDIA GeForce RTX 3060
2026-04-12 18:23:07,881 [INFO] Saved split summary to reports/gold_train_only_retrained_v2\data_split_summary.json
2026-04-12 18:23:07,882 [INFO] SEED 0 EVALUATION
2026-04-12 18:24:13,672 [INFO] SEED 1 EVALUATION
2026-04-12 18:25:24,957 [INFO] SEED 2 EVALUATION
2026-04-12 18:26:22,035 [INFO] SEED 7 EVALUATION
2026-04-12 18:27:34,763 [INFO] SEED 11 EVALUATION
2026-04-12 18:27:50,963 [INFO] SEED 17 EVALUATION
2026-04-12 18:28:46,641 [INFO] SEED 21 EVALUATION
2026-04-12 18:29:53,971 [INFO] SEED 42 EVALUATION
2026-04-12 18:31:03,531 [INFO] SEED 99 EVALUATION
2026-04-12 18:32:09,647 [INFO] SEED 123 EVALUATION
2026-04-12 18:49:42,403 [INFO] GPU found: NVIDIA GeForce RTX 3060
2026-04-12 18:51:22,736 [INFO] Saved split summary to reports/gold_train_only_retrained_v2\data_split_summary.json
2026-04-12 18:51:22,736 [INFO] SEED 0 EVALUATION
2026-04-12 18:51:38,258 [INFO] SEED 1 EVALUATION
2026-04-12 18:52:51,470 [INFO] SEED 2 EVALUATION
2026-04-12 18:53:03,234 [INFO] SEED 7 EVALUATION
2026-04-12 18:53:16,252 [INFO] SEED 11 EVALUATION
2026-04-12 18:53:39,851 [INFO] SEED 17 EVALUATION
2026-04-12 18:53:51,389 [INFO] SEED 21 EVALUATION
2026-04-12 18:54:11,488 [INFO] SEED 42 EVALUATION
2026-04-12 18:54:31,746 [INFO] SEED 99 EVALUATION
2026-04-12 18:54:46,007 [INFO] SEED 123 EVALUATION
2026-04-12 19:13:30,338 [INFO] GPU found: NVIDIA GeForce RTX 3060
2026-04-12 19:31:04,461 [INFO] GPU found: NVIDIA GeForce RTX 3060
2026-04-12 19:32:23,247 [INFO] GPU found: NVIDIA GeForce RTX 3060
2026-04-12 19:34:00,593 [INFO] Saved split summary to reports/gold_train_only_retrained_v2\data_split_summary.json
2026-04-12 19:34:00,594 [INFO] SEED 0 EVALUATION
2026-04-12 19:34:32,013 [INFO] SEED 1 EVALUATION
2026-04-12 19:35:04,886 [INFO] SEED 2 EVALUATION
2026-04-12 19:35:14,651 [INFO] SEED 7 EVALUATION
2026-04-12 19:35:27,914 [INFO] SEED 11 EVALUATION
2026-04-12 19:35:43,406 [INFO] SEED 17 EVALUATION
2026-04-12 19:36:14,241 [INFO] SEED 21 EVALUATION
2026-04-12 19:36:22,456 [INFO] SEED 42 EVALUATION
2026-04-12 19:36:47,761 [INFO] SEED 99 EVALUATION
2026-04-12 19:37:30,588 [INFO] SEED 123 EVALUATION
2026-04-12 19:44:45,100 [INFO] GPU found: NVIDIA GeForce RTX 3060
2026-04-12 19:51:32,734 [INFO] Saved split summary to reports/gold_train_only_retrained_v2\data_split_summary.json
2026-04-12 19:51:32,734 [INFO] SEED 0 EVALUATION
2026-04-12 19:51:37,068 [INFO] SEED 1 EVALUATION
2026-04-12 19:51:44,092 [INFO] SEED 2 EVALUATION
2026-04-12 19:51:47,388 [INFO] SEED 7 EVALUATION
2026-04-12 19:51:50,758 [INFO] SEED 11 EVALUATION
2026-04-12 19:51:56,191 [INFO] SEED 17 EVALUATION
2026-04-12 19:52:02,536 [INFO] SEED 21 EVALUATION
2026-04-12 19:52:09,819 [INFO] SEED 42 EVALUATION
2026-04-12 19:52:16,938 [INFO] SEED 99 EVALUATION
2026-04-12 19:52:22,722 [INFO] SEED 123 EVALUATION
2026-04-13 00:58:26,698 [INFO] GPU found: NVIDIA GeForce RTX 3060
2026-04-13 01:24:57,130 [INFO] Saved split summary to reports/gold_train_only_retrained_v2\data_split_summary.json
2026-04-13 01:24:57,130 [INFO] SEED 0 EVALUATION
2026-04-13 01:24:59,205 [INFO] SEED 1 EVALUATION
2026-04-13 01:25:02,511 [INFO] SEED 2 EVALUATION
2026-04-13 01:25:04,516 [INFO] SEED 7 EVALUATION
2026-04-13 01:25:06,719 [INFO] SEED 11 EVALUATION
2026-04-13 01:25:12,202 [INFO] SEED 17 EVALUATION
2026-04-13 01:25:16,198 [INFO] SEED 21 EVALUATION
2026-04-13 01:25:18,448 [INFO] SEED 42 EVALUATION
2026-04-13 01:25:21,772 [INFO] SEED 99 EVALUATION
2026-04-13 01:25:25,506 [INFO] SEED 123 EVALUATION
2026-04-13 01:48:17,088 [INFO] GPU found: NVIDIA GeForce RTX 3060
2026-04-13 01:52:46,300 [INFO] GPU found: NVIDIA GeForce RTX 3060
2026-04-13 02:32:33,003 [INFO] Saved split summary to reports/gold_train_only_retrained_v2\data_split_summary.json
2026-04-13 02:32:33,003 [INFO] SEED 0 EVALUATION
2026-04-13 02:32:50,818 [INFO] SEED 1 EVALUATION
2026-04-13 02:33:08,340 [INFO] SEED 2 EVALUATION
2026-04-13 02:33:22,699 [INFO] SEED 7 EVALUATION
2026-04-13 02:33:40,390 [INFO] SEED 11 EVALUATION
2026-04-13 02:33:58,229 [INFO] SEED 17 EVALUATION
2026-04-13 02:34:14,836 [INFO] SEED 21 EVALUATION
2026-04-13 02:34:30,284 [INFO] SEED 42 EVALUATION
2026-04-13 02:34:44,642 [INFO] SEED 99 EVALUATION
2026-04-13 02:34:58,729 [INFO] SEED 123 EVALUATION
